e:\c++\liarnav\liarnav\debug\vc141.pdb
e:\c++\liarnav\liarnav\debug\vc141.idb
e:\c++\liarnav\liarnav\debug\waypoint.obj
e:\c++\liarnav\liarnav\debug\vector2f.obj
e:\c++\liarnav\liarnav\debug\vector2d.obj
e:\c++\liarnav\liarnav\debug\triangle.obj
e:\c++\liarnav\liarnav\debug\polygon.obj
e:\c++\liarnav\liarnav\debug\nifmaps.obj
e:\c++\liarnav\liarnav\debug\nifmap.obj
e:\c++\liarnav\liarnav\debug\navmesh.obj
e:\c++\liarnav\liarnav\debug\mapsource.obj
e:\c++\liarnav\liarnav\debug\map.obj
e:\c++\liarnav\liarnav\debug\main.obj
e:\c++\liarnav\liarnav\debug\line2d.obj
e:\c++\liarnav\liarnav\debug\heap.obj
e:\c++\liarnav\liarnav\debug\delaunay.obj
e:\c++\liarnav\liarnav\debug\cell.obj
e:\c++\liarnav\debug\liarnav.lib
e:\c++\liarnav\debug\liarnav.exp
e:\c++\liarnav\debug\liarnav.ilk
e:\c++\liarnav\debug\liarnav.exe
e:\c++\liarnav\debug\liarnav.pdb
e:\c++\liarnav\liarnav\debug\liarnav.tlog\cl.command.1.tlog
e:\c++\liarnav\liarnav\debug\liarnav.tlog\cl.read.1.tlog
e:\c++\liarnav\liarnav\debug\liarnav.tlog\cl.write.1.tlog
e:\c++\liarnav\liarnav\debug\liarnav.tlog\liarnav.write.1u.tlog
e:\c++\liarnav\liarnav\debug\liarnav.tlog\link.command.1.tlog
e:\c++\liarnav\liarnav\debug\liarnav.tlog\link.read.1.tlog
e:\c++\liarnav\liarnav\debug\liarnav.tlog\link.write.1.tlog
